<?xml version="1.0" encoding="UTF-8"?>
<!-- Generated by org.testng.reporters.JUnitReportReporter -->
<testsuite hostname="C02YN84KLVCF" failures="0" tests="7" name="SmokeTests.Web" time="43.074" errors="0" timestamp="2024-09-14T15:24:20 EET" skipped="0">
  <testcase classname="SmokeTests.Web" name="TC1_Verify_new_user_can_successfully_register_with_valid_details" time="4.256"/>
  <testcase classname="SmokeTests.Web" name="TC2_Verify_user_can_log_in_and_redirected_to_home_page" time="5.257"/>
  <testcase classname="SmokeTests.Web" name="TC3_Verify_searching_returns_relevant_results" time="0.001"/>
  <testcase classname="SmokeTests.Web" name="TC4_Verify_applying_filters_correctly_updates_the_product_list" time="2.164"/>
  <testcase classname="SmokeTests.Web" name="TC5_Verify_adding_products_to_shopping_cart" time="7.208"/>
  <testcase classname="SmokeTests.Web" name="TC6_Verify_removing_a_product_from_shopping_cart" time="20.633"/>
  <testcase classname="SmokeTests.Web" name="TC7_Verify_user_complete_purchase_and_receive_order_confirmation" time="3.555"/>
</testsuite> <!-- SmokeTests.Web -->
